{"/vercel/share/v0-project/index.js": {"path":"/vercel/share/v0-project/index.js","statementMap":{"0":{"start":{"line":5,"column":16},"end":{"line":5,"column":34}},"1":{"start":{"line":6,"column":15},"end":{"line":6,"column":32}},"2":{"start":{"line":9,"column":0},"end":{"line":9,"column":16}},"3":{"start":{"line":11,"column":12},"end":{"line":11,"column":21}},"4":{"start":{"line":12,"column":13},"end":{"line":12,"column":37}},"5":{"start":{"line":15,"column":0},"end":{"line":15,"column":24}},"6":{"start":{"line":16,"column":0},"end":{"line":16,"column":48}},"7":{"start":{"line":19,"column":0},"end":{"line":25,"column":3}},"8":{"start":{"line":20,"column":2},"end":{"line":24,"column":5}},"9":{"start":{"line":28,"column":0},"end":{"line":36,"column":3}},"10":{"start":{"line":29,"column":2},"end":{"line":35,"column":5}},"11":{"start":{"line":38,"column":0},"end":{"line":52,"column":3}},"12":{"start":{"line":39,"column":20},"end":{"line":39,"column":28}},"13":{"start":{"line":41,"column":2},"end":{"line":43,"column":3}},"14":{"start":{"line":42,"column":4},"end":{"line":42,"column":64}},"15":{"start":{"line":46,"column":2},"end":{"line":51,"column":5}},"16":{"start":{"line":55,"column":0},"end":{"line":61,"column":3}},"17":{"start":{"line":56,"column":2},"end":{"line":56,"column":27}},"18":{"start":{"line":57,"column":2},"end":{"line":60,"column":5}},"19":{"start":{"line":64,"column":0},"end":{"line":66,"column":3}},"20":{"start":{"line":65,"column":2},"end":{"line":65,"column":47}},"21":{"start":{"line":69,"column":0},"end":{"line":76,"column":1}},"22":{"start":{"line":70,"column":2},"end":{"line":75,"column":5}},"23":{"start":{"line":71,"column":4},"end":{"line":71,"column":61}},"24":{"start":{"line":72,"column":4},"end":{"line":72,"column":47}},"25":{"start":{"line":73,"column":4},"end":{"line":73,"column":52}},"26":{"start":{"line":74,"column":4},"end":{"line":74,"column":65}},"27":{"start":{"line":78,"column":0},"end":{"line":78,"column":21}}},"fnMap":{"0":{"name":"(anonymous_0)","decl":{"start":{"line":19,"column":19},"end":{"line":19,"column":20}},"loc":{"start":{"line":19,"column":33},"end":{"line":25,"column":1}},"line":19},"1":{"name":"(anonymous_1)","decl":{"start":{"line":28,"column":26},"end":{"line":28,"column":27}},"loc":{"start":{"line":28,"column":40},"end":{"line":36,"column":1}},"line":28},"2":{"name":"(anonymous_2)","decl":{"start":{"line":38,"column":28},"end":{"line":38,"column":29}},"loc":{"start":{"line":38,"column":42},"end":{"line":52,"column":1}},"line":38},"3":{"name":"(anonymous_3)","decl":{"start":{"line":55,"column":8},"end":{"line":55,"column":9}},"loc":{"start":{"line":55,"column":33},"end":{"line":61,"column":1}},"line":55},"4":{"name":"(anonymous_4)","decl":{"start":{"line":64,"column":8},"end":{"line":64,"column":9}},"loc":{"start":{"line":64,"column":22},"end":{"line":66,"column":1}},"line":64},"5":{"name":"(anonymous_5)","decl":{"start":{"line":70,"column":19},"end":{"line":70,"column":20}},"loc":{"start":{"line":70,"column":25},"end":{"line":75,"column":3}},"line":70}},"branchMap":{"0":{"loc":{"start":{"line":12,"column":13},"end":{"line":12,"column":37}},"type":"binary-expr","locations":[{"start":{"line":12,"column":13},"end":{"line":12,"column":29}},{"start":{"line":12,"column":33},"end":{"line":12,"column":37}}],"line":12},"1":{"loc":{"start":{"line":33,"column":17},"end":{"line":33,"column":54}},"type":"binary-expr","locations":[{"start":{"line":33,"column":17},"end":{"line":33,"column":37}},{"start":{"line":33,"column":41},"end":{"line":33,"column":54}}],"line":33},"2":{"loc":{"start":{"line":41,"column":2},"end":{"line":43,"column":3}},"type":"if","locations":[{"start":{"line":41,"column":2},"end":{"line":43,"column":3}},{"start":{},"end":{}}],"line":41},"3":{"loc":{"start":{"line":69,"column":0},"end":{"line":76,"column":1}},"type":"if","locations":[{"start":{"line":69,"column":0},"end":{"line":76,"column":1}},{"start":{},"end":{}}],"line":69}},"s":{"0":1,"1":1,"2":1,"3":1,"4":1,"5":1,"6":1,"7":1,"8":2,"9":1,"10":1,"11":1,"12":3,"13":3,"14":2,"15":1,"16":1,"17":0,"18":0,"19":1,"20":1,"21":1,"22":0,"23":0,"24":0,"25":0,"26":0,"27":1},"f":{"0":2,"1":1,"2":3,"3":0,"4":1,"5":0},"b":{"0":[1,1],"1":[1,0],"2":[2,1],"3":[0,1]},"_coverageSchema":"1a1c01bbd47fc00a2c39e90264f33305004495a9","hash":"4c5f74aa8a38949092c4c318f597d2389e1979d1"}
}
