TN:
SF:index.js
FN:19,(anonymous_0)
FN:28,(anonymous_1)
FN:38,(anonymous_2)
FN:55,(anonymous_3)
FN:64,(anonymous_4)
FN:70,(anonymous_5)
FNF:6
FNH:4
FNDA:2,(anonymous_0)
FNDA:1,(anonymous_1)
FNDA:3,(anonymous_2)
FNDA:0,(anonymous_3)
FNDA:1,(anonymous_4)
FNDA:0,(anonymous_5)
DA:5,1
DA:6,1
DA:9,1
DA:11,1
DA:12,1
DA:15,1
DA:16,1
DA:19,1
DA:20,2
DA:28,1
DA:29,1
DA:38,1
DA:39,3
DA:41,3
DA:42,2
DA:46,1
DA:55,1
DA:56,0
DA:57,0
DA:64,1
DA:65,1
DA:69,1
DA:70,0
DA:71,0
DA:72,0
DA:73,0
DA:74,0
DA:78,1
LF:28
LH:21
BRDA:12,0,0,1
BRDA:12,0,1,1
BRDA:33,1,0,1
BRDA:33,1,1,0
BRDA:41,2,0,2
BRDA:41,2,1,1
BRDA:69,3,0,0
BRDA:69,3,1,1
BRF:8
BRH:6
end_of_record
